#
# A fatal error has been detected by the Java Runtime Environment:
#
#  SIGSEGV (0xb) at pc=0x0000000108e8d7da, pid=43133, tid=0x0000000000002a03
#
# JRE version: OpenJDK Runtime Environment (8.0_202) (build 1.8.0_202-release-1483-b49-5587405)
# Java VM: OpenJDK 64-Bit Server VM (25.202-b49-5587405 mixed mode bsd-amd64 compressed oops)
# Problematic frame:
# V  [libjvm.dylib+0x4777da]  void PSParallelCompact::mark_and_push<unsigned int>(ParCompactionManager*, unsigned int*)+0x9e
#
# Failed to write core dump. Core dumps have been disabled. To enable core dumping, try "ulimit -c unlimited" before starting Java again
#
# If you would like to submit a bug report, please visit:
#   http://bugreport.java.com/bugreport/crash.jsp
#

---------------  T H R E A D  ---------------

Current thread (0x00007ff946811800):  GCTaskThread [stack: 0x000070000585a000,0x000070000595a000] [id=10755]

siginfo: si_signo: 11 (SIGSEGV), si_code: 1 (SEGV_MAPERR), si_addr: 0x00000000000000e8

Registers:
RAX=0x0000000000000000, RBX=0x00000007b67d5758, RCX=0x00000000002b3e03, RDX=0x000000000acfaa01
RSP=0x0000700005959c00, RBP=0x0000700005959c20, RSI=0x00000007b67d5758, RDI=0x00000007c0a1d210
R8 =0x0000000000000ac6, R9 =0x000000010922cb83, R10=0x000000010d84ec60, R11=0x0000200000000000
R12=0x00007ff945406a40, R13=0x00000007c0a9faf8, R14=0x00007ff945406a40, R15=0x00000007bb4d31d0
RIP=0x0000000108e8d7da, EFLAGS=0x0000000000010246, ERR=0x0000000000000004
  TRAPNO=0x000000000000000e

Top of Stack: (sp=0x0000700005959c00)
0x0000700005959c00:   1221109488912244 00000007bb4d31ec
0x0000700005959c10:   00000007bb4d31f4 00000007bb4d31d0
0x0000700005959c20:   0000700005959c70 0000000108cacc2f
0x0000700005959c30:   00007ff945406a40 00000007608cb6c0
0x0000700005959c40:   00000007c0a9fb00 0000000109231420
0x0000700005959c50:   00007ff945406a40 000000010922cb83
0x0000700005959c60:   000000010922cb81 000000010922cb81
0x0000700005959c70:   0000700005959d20 0000000108e9b98e
0x0000700005959c80:   00007ff945406a80 00000007bb4d31d0
0x0000700005959c90:   00007ff945406a48 0000000000040000
0x0000700005959ca0:   00000007baf26f60 00007ff945406ac8
0x0000700005959cb0:   0000000109231d80 00000007baf26f60
0x0000700005959cc0:   0000000000001400 00000007baf26f60
0x0000700005959cd0:   00007ff945406b00 000005c4000000f2
0x0000700005959ce0:   00007ff945406a40 0000000000000004
0x0000700005959cf0:   0000700000001200 00000007baf28770
0x0000700005959d00:   0000700005959d88 00007ff945406a40
0x0000700005959d10:   0000000000000600 0000000000000002
0x0000700005959d20:   0000700005959dc0 0000000108e8d0eb
0x0000700005959d30:   00007ff947c182d0 00000007baf26f60
0x0000700005959d40:   0000700000000400 0000000000000000
0x0000700005959d50:   00000007baf26f60 00007ff945406b00
0x0000700005959d60:   000000010922cdd1 00000007baf26f60
0x0000700005959d70:   0000700000000600 0000000108c6e668
0x0000700005959d80:   000000010922cdd1 0000000208ab334f
0x0000700005959d90:   0000700005959dc0 00007ff946811800
0x0000700005959da0:   00007ff947c182d0 0000000108fd94c6
0x0000700005959db0:   0000000000000000 0000000000000001
0x0000700005959dc0:   0000700005959ea0 0000000108c6f4ad
0x0000700005959dd0:   000000010922cc88 00007ff946811800
0x0000700005959de0:   00007ff9457167a0 00007ff9457167e0
0x0000700005959df0:   00007ff9457167f0 00007ff9457168c8 

Instructions: (pc=0x0000000108e8d7da)
0x0000000108e8d7ba:   eb 04 48 8b 7b 08 8b 47 08 85 c0 7e 09 a8 01 75
0x0000000108e8d7ca:   09 c1 e8 03 eb 45 85 c0 78 0e 48 8b 07 48 89 de
0x0000000108e8d7da:   ff 90 e8 00 00 00 eb 33 31 c9 84 d2 0f 94 c1 48
0x0000000108e8d7ea:   63 54 8b 0c 89 c1 48 d3 e2 c1 e8 10 0f b6 c8 48 

Register to memory mapping:

RAX=0x0000000000000000 is an unknown value
RBX=0x00000007b67d5758 is an oop

[error occurred during error reporting (printing register info), id 0xb]

Stack: [0x000070000585a000,0x000070000595a000],  sp=0x0000700005959c00,  free space=1023k
Native frames: (J=compiled Java code, j=interpreted, Vv=VM code, C=native code)
V  [libjvm.dylib+0x4777da]  void PSParallelCompact::mark_and_push<unsigned int>(ParCompactionManager*, unsigned int*)+0x9e
V  [libjvm.dylib+0x296c2f]  InstanceKlass::oop_follow_contents(ParCompactionManager*, oopDesc*)+0xbf
V  [libjvm.dylib+0x48598e]  ParCompactionManager::follow_marking_stacks()+0x170
V  [libjvm.dylib+0x4770eb]  StealMarkingTask::do_it(GCTaskManager*, unsigned int)+0x24f
V  [libjvm.dylib+0x2594ad]  GCTaskThread::run()+0x12f
V  [libjvm.dylib+0x4516c3]  java_start(Thread*)+0xfa
C  [libsystem_pthread.dylib+0x3661]  _pthread_body+0x154
C  [libsystem_pthread.dylib+0x350d]  _pthread_body+0x0
C  [libsystem_pthread.dylib+0x2bf9]  thread_start+0xd


---------------  P R O C E S S  ---------------

Java Threads: ( => current thread )
  0x00007ff94be86800 JavaThread "ForkJoinPool.commonPool-worker-2" daemon [_thread_blocked, id=40987, stack(0x000070000868f000,0x000070000878f000)]
  0x00007ff94d89d800 JavaThread "ForkJoinPool.commonPool-worker-1" daemon [_thread_blocked, id=23579, stack(0x000070000858c000,0x000070000868c000)]
  0x00007ff94df38000 JavaThread "ForkJoinPool.commonPool-worker-0" daemon [_thread_blocked, id=16159, stack(0x0000700008052000,0x0000700008152000)]
  0x00007ff94ac83000 JavaThread "stdout" daemon [_thread_in_native, id=42267, stack(0x0000700008489000,0x0000700008589000)]
  0x00007ff94ad92000 JavaThread "stderr" daemon [_thread_in_native, id=38419, stack(0x0000700008386000,0x0000700008486000)]
  0x00007ff94ae37000 JavaThread "process reaper" daemon [_thread_in_native, id=42523, stack(0x000070000835b000,0x0000700008383000)]
  0x00007ff947392000 JavaThread "pool-14-thread-1" [_thread_blocked, id=33055, stack(0x0000700008258000,0x0000700008358000)]
  0x00007ff94dbcb000 JavaThread "Cache worker for execution history cache (/Users/macbookair/Desktop/android/HadayekElAhramTEST/.gradle/5.1.1/executionHistory)" [_thread_blocked, id=43291, stack(0x0000700007f4f000,0x000070000804f000)]
  0x00007ff94dda5800 JavaThread "Execution worker for ':' Thread 3" [_thread_blocked, id=38163, stack(0x0000700007e4c000,0x0000700007f4c000)]
  0x00007ff94702a000 JavaThread "Execution worker for ':' Thread 2" [_thread_blocked, id=15375, stack(0x0000700007d49000,0x0000700007e49000)]
  0x00007ff948d0f800 JavaThread "Execution worker for ':'" [_thread_blocked, id=29715, stack(0x0000700007c46000,0x0000700007d46000)]
  0x00007ff94dd4d800 JavaThread "Cache worker for file content cache (/Users/macbookair/Desktop/android/HadayekElAhramTEST/.gradle/5.1.1/fileContent)" [_thread_blocked, id=22043, stack(0x0000700007a40000,0x0000700007b40000)]
  0x00007ff946179800 JavaThread "Cache worker for Build Output Cleanup Cache (/Users/macbookair/Desktop/android/HadayekElAhramTEST/.gradle/buildOutputCleanup)" [_thread_blocked, id=36627, stack(0x000070000783a000,0x000070000793a000)]
  0x00007ff94dff0800 JavaThread "pool-13-thread-1" [_thread_blocked, id=29203, stack(0x0000700007737000,0x0000700007837000)]
  0x00007ff9463b2000 JavaThread "Build operations Thread 4" [_thread_blocked, id=23323, stack(0x0000700007634000,0x0000700007734000)]
  0x00007ff94f6da000 JavaThread "Build operations Thread 3" [_thread_blocked, id=40475, stack(0x0000700007531000,0x0000700007631000)]
  0x00007ff946425800 JavaThread "Build operations Thread 2" [_thread_blocked, id=25115, stack(0x000070000742e000,0x000070000752e000)]
  0x00007ff947a0c800 JavaThread "Build operations" [_thread_blocked, id=26651, stack(0x000070000732b000,0x000070000742b000)]
  0x00007ff94669e800 JavaThread "Cache worker for cache directory md-rule (/Users/macbookair/.gradle/caches/5.1.1/md-rule)" [_thread_blocked, id=31251, stack(0x0000700007125000,0x0000700007225000)]
  0x00007ff94f4d4800 JavaThread "Cache worker for cache directory md-supplier (/Users/macbookair/.gradle/caches/5.1.1/md-supplier)" [_thread_blocked, id=30995, stack(0x0000700007022000,0x0000700007122000)]
  0x00007ff947c8b800 JavaThread "Cache worker for file hash cache (/Users/macbookair/Desktop/android/HadayekElAhramTEST/.gradle/5.1.1/fileHashes)" [_thread_blocked, id=28691, stack(0x0000700006f1f000,0x000070000701f000)]
  0x00007ff94f5de000 JavaThread "Thread-129" [_thread_blocked, id=28179, stack(0x0000700006c16000,0x0000700006d16000)]
  0x00007ff946468000 JavaThread "Stdin handler" [_thread_blocked, id=32019, stack(0x0000700006b13000,0x0000700006c13000)]
  0x00007ff947d5e800 JavaThread "Asynchronous log dispatcher for DefaultDaemonConnection: socket connection from /127.0.0.1:63224 to /127.0.0.1:50951" [_thread_blocked, id=26899, stack(0x0000700006a10000,0x0000700006b10000)]
  0x00007ff947f1f800 JavaThread "Daemon worker Thread 7" [_thread_blocked, id=36367, stack(0x000070000690d000,0x0000700006a0d000)]
  0x00007ff946777800 JavaThread "Cancel handler" [_thread_blocked, id=24603, stack(0x000070000680a000,0x000070000690a000)]
  0x00007ff94f5f7000 JavaThread "Handler for socket connection from /127.0.0.1:63224 to /127.0.0.1:50951" [_thread_in_native, id=39199, stack(0x0000700006707000,0x0000700006807000)]
  0x00007ff94f6db800 JavaThread "Daemon Thread 7" [_thread_blocked, id=39963, stack(0x0000700006604000,0x0000700006704000)]
  0x00007ff947aac800 JavaThread "Cache worker for Java compile cache (/Users/macbookair/.gradle/caches/5.1.1/javaCompile)" [_thread_blocked, id=27655, stack(0x0000700008155000,0x0000700008255000)]
  0x00007ff948c26000 JavaThread "Cache worker for file content cache (/Users/macbookair/.gradle/caches/5.1.1/fileContent)" [_thread_blocked, id=39691, stack(0x0000700007b43000,0x0000700007c43000)]
  0x00007ff945ed4800 JavaThread "Memory manager" [_thread_blocked, id=25859, stack(0x000070000793d000,0x0000700007a3d000)]
  0x00007ff94a9c3800 JavaThread "Cache worker for execution history cache (/Users/macbookair/.gradle/caches/5.1.1/executionHistory)" [_thread_blocked, id=24067, stack(0x0000700007228000,0x0000700007328000)]
  0x00007ff946210000 JavaThread "Cache worker for journal cache (/Users/macbookair/.gradle/caches/journal-1)" [_thread_blocked, id=22531, stack(0x0000700006e1c000,0x0000700006f1c000)]
  0x00007ff947092800 JavaThread "File lock request listener" [_thread_in_native, id=3335, stack(0x0000700006d19000,0x0000700006e19000)]
  0x00007ff947091800 JavaThread "Cache worker for file hash cache (/Users/macbookair/.gradle/caches/5.1.1/fileHashes)" [_thread_blocked, id=4359, stack(0x000070000544b000,0x000070000554b000)]
  0x00007ff946f84000 JavaThread "Daemon periodic checks" [_thread_blocked, id=15107, stack(0x0000700006501000,0x0000700006601000)]
  0x00007ff946e2e800 JavaThread "Incoming local TCP Connector on port 63224" [_thread_in_native, id=16899, stack(0x00007000063fe000,0x00007000064fe000)]
  0x00007ff946803800 JavaThread "Service Thread" daemon [_thread_blocked, id=17411, stack(0x00007000061f8000,0x00007000062f8000)]
  0x00007ff94603a000 JavaThread "C1 CompilerThread2" daemon [_thread_blocked, id=13827, stack(0x00007000060f5000,0x00007000061f5000)]
  0x00007ff94580f000 JavaThread "C2 CompilerThread1" daemon [_thread_blocked, id=13315, stack(0x0000700005ff2000,0x00007000060f2000)]
  0x00007ff945804000 JavaThread "C2 CompilerThread0" daemon [_thread_blocked, id=17923, stack(0x0000700005eef000,0x0000700005fef000)]
  0x00007ff946039800 JavaThread "Signal Dispatcher" daemon [_thread_blocked, id=18439, stack(0x0000700005dec000,0x0000700005eec000)]
  0x00007ff946017800 JavaThread "Finalizer" daemon [_thread_blocked, id=20995, stack(0x0000700005c66000,0x0000700005d66000)]
  0x00007ff946837000 JavaThread "Reference Handler" daemon [_thread_blocked, id=11779, stack(0x0000700005b63000,0x0000700005c63000)]
  0x00007ff946804800 JavaThread "main" [_thread_blocked, id=9987, stack(0x0000700005551000,0x0000700005651000)]

Other Threads:
  0x00007ff94600f000 VMThread [stack: 0x0000700005a60000,0x0000700005b60000] [id=11267]
  0x00007ff94602a800 WatcherThread [stack: 0x00007000062fb000,0x00007000063fb000] [id=17155]

=>0x00007ff946811800 (exited) GCTaskThread [stack: 0x000070000585a000,0x000070000595a000] [id=10755]

VM state:at safepoint (normal execution)

VM Mutex/Monitor currently owned by a thread:  ([mutex/lock_event])
[0x00007ff9456029d0] Threads_lock - owner thread: 0x00007ff94600f000
[0x00007ff945602ed0] Heap_lock - owner thread: 0x00007ff94dda5800

heap address: 0x0000000760000000, size: 1536 MB, Compressed Oops mode: Zero based, Oop shift amount: 3
Narrow klass base: 0x0000000000000000, Narrow klass shift: 3
Compressed class space size: 1073741824 Address: 0x00000007c0000000

Heap:
 PSYoungGen      total 339968K, used 132923K [0x00000007a0000000, 0x00000007c0000000, 0x00000007c0000000)
  eden space 175104K, 0% used [0x00000007a0000000,0x00000007a0000000,0x00000007aab00000)
  from space 164864K, 80% used [0x00000007b5f00000,0x00000007be0cee50,0x00000007c0000000)
  to   space 174592K, 0% used [0x00000007aab00000,0x00000007aab00000,0x00000007b5580000)
 ParOldGen       total 337920K, used 292507K [0x0000000760000000, 0x0000000774a00000, 0x00000007a0000000)
  object space 337920K, 86% used [0x0000000760000000,0x0000000771da6fe8,0x0000000774a00000)
 Metaspace       used 98402K, capacity 102362K, committed 102616K, reserved 1138688K
  class space    used 12253K, capacity 13041K, committed 13056K, reserved 1048576K

Card table byte_map: [0x000000010a5c0000,0x000000010a8c1000] byte_map_base: 0x0000000106ac0000

Marking Bits: (ParMarkBitMap*) 0x0000000109231f78
 Begin Bits: [0x000000010aac1000, 0x000000010c2c1000)
 End Bits:   [0x000000010c2c1000, 0x000000010dac1000)

Polling page: 0x00000001098df000

CodeCache: size=245760Kb used=67832Kb max_used=67838Kb free=177927Kb
 bounds [0x0000000110b42000, 0x0000000114df2000, 0x000000011fb42000]
 total_blobs=20544 nmethods=19648 adapters=807
 compilation: enabled

Compilation events (10 events):
Event: 9563.048 Thread 0x00007ff94580f000 nmethod 27495 0x0000000114ddcd10 code [0x0000000114ddcec0, 0x0000000114ddd358]
Event: 9563.048 Thread 0x00007ff94580f000 27497       4       com.android.tools.r8.graph.AppInfoWithSubtyping$$Lambda$870/38583855::get$Lambda (9 bytes)
Event: 9563.049 Thread 0x00007ff94580f000 nmethod 27497 0x0000000114ddca50 code [0x0000000114ddcba0, 0x0000000114ddcc78]
Event: 9563.049 Thread 0x00007ff94580f000 27486       4       com.android.tools.r8.graph.AppInfoWithSubtyping::populateSuperType (45 bytes)
Event: 9563.068 Thread 0x00007ff94603a000 27498       3       java.util.IdentityHashMap$EntryIterator$Entry::getKey (20 bytes)
Event: 9563.069 Thread 0x00007ff94603a000 nmethod 27498 0x0000000114dd8050 code [0x0000000114dd81e0, 0x0000000114dd8588]
Event: 9563.069 Thread 0x00007ff94603a000 27499       3       java.util.IdentityHashMap$EntryIterator$Entry::getValue (19 bytes)
Event: 9563.069 Thread 0x00007ff94603a000 nmethod 27499 0x00000001138d4850 code [0x00000001138d49e0, 0x00000001138d4cc8]
Event: 9563.090 Thread 0x00007ff94603a000 27500       3       com.android.tools.r8.utils.ArchiveResourceProvider::isProgramResourceName (27 bytes)
Event: 9563.091 Thread 0x00007ff94603a000 nmethod 27500 0x00000001138d3d10 code [0x00000001138d3ec0, 0x00000001138d4548]

GC Heap History (10 events):
Event: 9553.860 GC heap after
Heap after GC invocations=41 (full 7):
 PSYoungGen      total 393728K, used 71618K [0x00000007a0000000, 0x00000007c0000000, 0x00000007c0000000)
  eden space 262656K, 0% used [0x00000007a0000000,0x00000007a0000000,0x00000007b0080000)
  from space 131072K, 54% used [0x00000007b8000000,0x00000007bc5f09b8,0x00000007c0000000)
  to   space 130560K, 0% used [0x00000007b0080000,0x00000007b0080000,0x00000007b8000000)
 ParOldGen       total 337920K, used 215170K [0x0000000760000000, 0x0000000774a00000, 0x00000007a0000000)
  object space 337920K, 63% used [0x0000000760000000,0x000000076d220a90,0x0000000774a00000)
 Metaspace       used 97499K, capacity 101298K, committed 101592K, reserved 1138688K
  class space    used 12138K, capacity 12933K, committed 13056K, reserved 1048576K
}
Event: 9558.935 GC heap before
{Heap before GC invocations=42 (full 7):
 PSYoungGen      total 393728K, used 334274K [0x00000007a0000000, 0x00000007c0000000, 0x00000007c0000000)
  eden space 262656K, 100% used [0x00000007a0000000,0x00000007b0080000,0x00000007b0080000)
  from space 131072K, 54% used [0x00000007b8000000,0x00000007bc5f09b8,0x00000007c0000000)
  to   space 130560K, 0% used [0x00000007b0080000,0x00000007b0080000,0x00000007b8000000)
 ParOldGen       total 337920K, used 215170K [0x0000000760000000, 0x0000000774a00000, 0x00000007a0000000)
  object space 337920K, 63% used [0x0000000760000000,0x000000076d220a90,0x0000000774a00000)
 Metaspace       used 98229K, capacity 102142K, committed 102360K, reserved 1138688K
  class space    used 12233K, capacity 13023K, committed 13056K, reserved 1048576K
Event: 9559.266 GC heap after
Heap after GC invocations=42 (full 7):
 PSYoungGen      total 393216K, used 130547K [0x00000007a0000000, 0x00000007c0000000, 0x00000007c0000000)
  eden space 262656K, 0% used [0x00000007a0000000,0x00000007a0000000,0x00000007b0080000)
  from space 130560K, 99% used [0x00000007b0080000,0x00000007b7ffcf10,0x00000007b8000000)
  to   space 131072K, 0% used [0x00000007b8000000,0x00000007b8000000,0x00000007c0000000)
 ParOldGen       total 337920K, used 218068K [0x0000000760000000, 0x0000000774a00000, 0x00000007a0000000)
  object space 337920K, 64% used [0x0000000760000000,0x000000076d4f52f8,0x0000000774a00000)
 Metaspace       used 98229K, capacity 102142K, committed 102360K, reserved 1138688K
  class space    used 12233K, capacity 13023K, committed 13056K, reserved 1048576K
}
Event: 9560.043 GC heap before
{Heap before GC invocations=43 (full 7):
 PSYoungGen      total 393216K, used 393203K [0x00000007a0000000, 0x00000007c0000000, 0x00000007c0000000)
  eden space 262656K, 100% used [0x00000007a0000000,0x00000007b0080000,0x00000007b0080000)
  from space 130560K, 99% used [0x00000007b0080000,0x00000007b7ffcf10,0x00000007b8000000)
  to   space 131072K, 0% used [0x00000007b8000000,0x00000007b8000000,0x00000007c0000000)
 ParOldGen       total 337920K, used 218068K [0x0000000760000000, 0x0000000774a00000, 0x00000007a0000000)
  object space 337920K, 64% used [0x0000000760000000,0x000000076d4f52f8,0x0000000774a00000)
 Metaspace       used 98258K, capacity 102218K, committed 102360K, reserved 1138688K
  class space    used 12234K, capacity 13025K, committed 13056K, reserved 1048576K
Event: 9560.841 GC heap after
Heap after GC invocations=43 (full 7):
 PSYoungGen      total 342016K, used 97851K [0x00000007a0000000, 0x00000007c0000000, 0x00000007c0000000)
  eden space 210944K, 0% used [0x00000007a0000000,0x00000007a0000000,0x00000007ace00000)
  from space 131072K, 74% used [0x00000007b8000000,0x00000007bdf8ef40,0x00000007c0000000)
  to   space 156672K, 0% used [0x00000007ace00000,0x00000007ace00000,0x00000007b6700000)
 ParOldGen       total 337920K, used 267419K [0x0000000760000000, 0x0000000774a00000, 0x00000007a0000000)
  object space 337920K, 79% used [0x0000000760000000,0x0000000770526c78,0x0000000774a00000)
 Metaspace       used 98258K, capacity 102218K, committed 102360K, reserved 1138688K
  class space    used 12234K, capacity 13025K, committed 13056K, reserved 1048576K
}
Event: 9561.666 GC heap before
{Heap before GC invocations=44 (full 7):
 PSYoungGen      total 342016K, used 308795K [0x00000007a0000000, 0x00000007c0000000, 0x00000007c0000000)
  eden space 210944K, 100% used [0x00000007a0000000,0x00000007ace00000,0x00000007ace00000)
  from space 131072K, 74% used [0x00000007b8000000,0x00000007bdf8ef40,0x00000007c0000000)
  to   space 156672K, 0% used [0x00000007ace00000,0x00000007ace00000,0x00000007b6700000)
 ParOldGen       total 337920K, used 267419K [0x0000000760000000, 0x0000000774a00000, 0x00000007a0000000)
  object space 337920K, 79% used [0x0000000760000000,0x0000000770526c78,0x0000000774a00000)
 Metaspace       used 98288K, capacity 102228K, committed 102360K, reserved 1138688K
  class space    used 12236K, capacity 13026K, committed 13056K, reserved 1048576K
Event: 9561.905 GC heap after
Heap after GC invocations=44 (full 7):
 PSYoungGen      total 323584K, used 112331K [0x00000007a0000000, 0x00000007c0000000, 0x00000007c0000000)
  eden space 210944K, 0% used [0x00000007a0000000,0x00000007a0000000,0x00000007ace00000)
  from space 112640K, 99% used [0x00000007ace00000,0x00000007b3bb2df0,0x00000007b3c00000)
  to   space 164864K, 0% used [0x00000007b5f00000,0x00000007b5f00000,0x00000007c0000000)
 ParOldGen       total 337920K, used 278229K [0x0000000760000000, 0x0000000774a00000, 0x00000007a0000000)
  object space 337920K, 82% used [0x0000000760000000,0x0000000770fb5458,0x0000000774a00000)
 Metaspace       used 98288K, capacity 102228K, committed 102360K, reserved 1138688K
  class space    used 12236K, capacity 13026K, committed 13056K, reserved 1048576K
}
Event: 9563.115 GC heap before
{Heap before GC invocations=45 (full 7):
 PSYoungGen      total 323584K, used 323275K [0x00000007a0000000, 0x00000007c0000000, 0x00000007c0000000)
  eden space 210944K, 100% used [0x00000007a0000000,0x00000007ace00000,0x00000007ace00000)
  from space 112640K, 99% used [0x00000007ace00000,0x00000007b3bb2df0,0x00000007b3c00000)
  to   space 164864K, 0% used [0x00000007b5f00000,0x00000007b5f00000,0x00000007c0000000)
 ParOldGen       total 337920K, used 278229K [0x0000000760000000, 0x0000000774a00000, 0x00000007a0000000)
  object space 337920K, 82% used [0x0000000760000000,0x0000000770fb5458,0x0000000774a00000)
 Metaspace       used 98402K, capacity 102362K, committed 102616K, reserved 1138688K
  class space    used 12253K, capacity 13041K, committed 13056K, reserved 1048576K
Event: 9563.408 GC heap after
Heap after GC invocations=45 (full 7):
 PSYoungGen      total 339968K, used 132923K [0x00000007a0000000, 0x00000007c0000000, 0x00000007c0000000)
  eden space 175104K, 0% used [0x00000007a0000000,0x00000007a0000000,0x00000007aab00000)
  from space 164864K, 80% used [0x00000007b5f00000,0x00000007be0cee50,0x00000007c0000000)
  to   space 174592K, 0% used [0x00000007aab00000,0x00000007aab00000,0x00000007b5580000)
 ParOldGen       total 337920K, used 292507K [0x0000000760000000, 0x0000000774a00000, 0x00000007a0000000)
  object space 337920K, 86% used [0x0000000760000000,0x0000000771da6fe8,0x0000000774a00000)
 Metaspace       used 98402K, capacity 102362K, committed 102616K, reserved 1138688K
  class space    used 12253K, capacity 13041K, committed 13056K, reserved 1048576K
}
Event: 9563.411 GC heap before
{Heap before GC invocations=46 (full 8):
 PSYoungGen      total 339968K, used 132923K [0x00000007a0000000, 0x00000007c0000000, 0x00000007c0000000)
  eden space 175104K, 0% used [0x00000007a0000000,0x00000007a0000000,0x00000007aab00000)
  from space 164864K, 80% used [0x00000007b5f00000,0x00000007be0cee50,0x00000007c0000000)
  to   space 174592K, 0% used [0x00000007aab00000,0x00000007aab00000,0x00000007b5580000)
 ParOldGen       total 337920K, used 292507K [0x0000000760000000, 0x0000000774a00000, 0x00000007a0000000)
  object space 337920K, 86% used [0x0000000760000000,0x0000000771da6fe8,0x0000000774a00000)
 Metaspace       used 98402K, capacity 102362K, committed 102616K, reserved 1138688K
  class space    used 12253K, capacity 13041K, committed 13056K, reserved 1048576K

Deoptimization events (10 events):
Event: 9561.060 Thread 0x00007ff94df38000 Uncommon trap: reason=unstable_if action=reinterpret pc=0x00000001139af37c method=java.util.concurrent.ConcurrentHashMap.computeIfAbsent(Ljava/lang/Object;Ljava/util/function/Function;)Ljava/lang/Object; @ 104
Event: 9561.445 Thread 0x00007ff94dda5800 Uncommon trap: reason=class_check action=maybe_recompile pc=0x0000000113cacfd0 method=com.android.tools.r8.utils.ClassMap$ConcurrentClassLoader.get()Lcom/android/tools/r8/graph/DexClass; @ 72
Event: 9561.446 Thread 0x00007ff94dda5800 Uncommon trap: reason=class_check action=maybe_recompile pc=0x0000000113cacfd0 method=com.android.tools.r8.utils.ClassMap$ConcurrentClassLoader.get()Lcom/android/tools/r8/graph/DexClass; @ 72
Event: 9561.447 Thread 0x00007ff94dda5800 Uncommon trap: reason=class_check action=maybe_recompile pc=0x0000000113cacfd0 method=com.android.tools.r8.utils.ClassMap$ConcurrentClassLoader.get()Lcom/android/tools/r8/graph/DexClass; @ 72
Event: 9561.447 Thread 0x00007ff94dda5800 Uncommon trap: reason=class_check action=maybe_recompile pc=0x0000000113cacfd0 method=com.android.tools.r8.utils.ClassMap$ConcurrentClassLoader.get()Lcom/android/tools/r8/graph/DexClass; @ 72
Event: 9563.019 Thread 0x00007ff94dda5800 Uncommon trap: reason=unstable_if action=reinterpret pc=0x00000001138d37a4 method=com.android.tools.r8.com.google.common.collect.Iterators$ConcatenatedIterator.hasNext()Z @ 15
Event: 9563.023 Thread 0x00007ff94dda5800 Uncommon trap: reason=class_check action=maybe_recompile pc=0x0000000114ddc4f4 method=com.android.tools.r8.com.google.common.collect.Iterators$ConcatenatedIterator.hasNext()Z @ 7
Event: 9563.024 Thread 0x00007ff94dda5800 Uncommon trap: reason=class_check action=maybe_recompile pc=0x0000000114ddc4f4 method=com.android.tools.r8.com.google.common.collect.Iterators$ConcatenatedIterator.hasNext()Z @ 7
Event: 9563.024 Thread 0x00007ff94dda5800 Uncommon trap: reason=class_check action=maybe_recompile pc=0x0000000114ddc4f4 method=com.android.tools.r8.com.google.common.collect.Iterators$ConcatenatedIterator.hasNext()Z @ 7
Event: 9563.024 Thread 0x00007ff94dda5800 Uncommon trap: reason=class_check action=maybe_recompile pc=0x0000000114ddc4f4 method=com.android.tools.r8.com.google.common.collect.Iterators$ConcatenatedIterator.hasNext()Z @ 7

Classes redefined (0 events):
No events

Internal exceptions (10 events):
Event: 9549.421 Thread 0x00007ff947f1f800 Exception <a 'sun/nio/fs/UnixException'> (0x00000007a3cdb090) thrown at [/Volumes/Android/buildbot/src/googleplex-android/openjdk/out/hotspot/src/share/vm/prims/jni.cpp, line 710]
Event: 9549.421 Thread 0x00007ff947f1f800 Exception <a 'sun/nio/fs/UnixException'> (0x00000007a3cdd390) thrown at [/Volumes/Android/buildbot/src/googleplex-android/openjdk/out/hotspot/src/share/vm/prims/jni.cpp, line 710]
Event: 9549.421 Thread 0x00007ff947f1f800 Exception <a 'sun/nio/fs/UnixException'> (0x00000007a3cdec90) thrown at [/Volumes/Android/buildbot/src/googleplex-android/openjdk/out/hotspot/src/share/vm/prims/jni.cpp, line 710]
Event: 9549.421 Thread 0x00007ff947f1f800 Exception <a 'sun/nio/fs/UnixException'> (0x00000007a3ce13c8) thrown at [/Volumes/Android/buildbot/src/googleplex-android/openjdk/out/hotspot/src/share/vm/prims/jni.cpp, line 710]
Event: 9549.421 Thread 0x00007ff947f1f800 Exception <a 'sun/nio/fs/UnixException'> (0x00000007a3ce2dc8) thrown at [/Volumes/Android/buildbot/src/googleplex-android/openjdk/out/hotspot/src/share/vm/prims/jni.cpp, line 710]
Event: 9549.422 Thread 0x00007ff947f1f800 Exception <a 'sun/nio/fs/UnixException'> (0x00000007a3ce7430) thrown at [/Volumes/Android/buildbot/src/googleplex-android/openjdk/out/hotspot/src/share/vm/prims/jni.cpp, line 710]
Event: 9549.422 Thread 0x00007ff947f1f800 Exception <a 'sun/nio/fs/UnixException'> (0x00000007a3ce8de0) thrown at [/Volumes/Android/buildbot/src/googleplex-android/openjdk/out/hotspot/src/share/vm/prims/jni.cpp, line 710]
Event: 9549.423 Thread 0x00007ff947f1f800 Exception <a 'sun/nio/fs/UnixException'> (0x00000007a3cecfd8) thrown at [/Volumes/Android/buildbot/src/googleplex-android/openjdk/out/hotspot/src/share/vm/prims/jni.cpp, line 710]
Event: 9549.423 Thread 0x00007ff947f1f800 Exception <a 'sun/nio/fs/UnixException'> (0x00000007a3cee770) thrown at [/Volumes/Android/buildbot/src/googleplex-android/openjdk/out/hotspot/src/share/vm/prims/jni.cpp, line 710]
Event: 9552.253 Thread 0x00007ff947f1f800 Implicit null exception at 0x00000001143f02af to 0x00000001143f28c9

Events (10 events):
Event: 9563.086 loading class com/android/tools/r8/DataEntryResource done
Event: 9563.087 loading class com/android/tools/r8/DataResource
Event: 9563.087 loading class com/android/tools/r8/DataResource done
Event: 9563.088 loading class com/android/tools/r8/DataEntryResource$ZipDataEntryResource
Event: 9563.088 loading class com/android/tools/r8/DataEntryResource$ZipDataEntryResource done
Event: 9563.095 loading class com/android/tools/r8/DataDirectoryResource
Event: 9563.095 loading class com/android/tools/r8/DataDirectoryResource done
Event: 9563.097 loading class com/android/tools/r8/DataDirectoryResource$ZipDataDirectoryResource
Event: 9563.097 loading class com/android/tools/r8/DataDirectoryResource$ZipDataDirectoryResource done
Event: 9563.115 Executing VM operation: ParallelGCFailedAllocation


Dynamic libraries:
0x00007fff2ac8e000 	/System/Library/Frameworks/Cocoa.framework/Versions/A/Cocoa
0x00007fff372d2000 	/System/Library/Frameworks/Security.framework/Versions/A/Security
0x00007fff298cf000 	/System/Library/Frameworks/ApplicationServices.framework/Versions/A/ApplicationServices
0x00007fff532a3000 	/usr/lib/libz.1.dylib
0x00007fff51155000 	/usr/lib/libSystem.B.dylib
0x00007fff2b44f000 	/System/Library/Frameworks/CoreFoundation.framework/Versions/A/CoreFoundation
0x00007fff2d5c8000 	/System/Library/Frameworks/Foundation.framework/Versions/C/Foundation
0x00007fff52890000 	/usr/lib/libobjc.A.dylib
0x00007fff28a1f000 	/System/Library/Frameworks/AppKit.framework/Versions/C/AppKit
0x00007fff2b006000 	/System/Library/Frameworks/CoreData.framework/Versions/A/CoreData
0x00007fff4aa0e000 	/System/Library/PrivateFrameworks/RemoteViewServices.framework/Versions/A/RemoteViewServices
0x00007fff4f187000 	/System/Library/PrivateFrameworks/UIFoundation.framework/Versions/A/UIFoundation
0x00007fff3f7e8000 	/System/Library/PrivateFrameworks/DFRFoundation.framework/Versions/A/DFRFoundation
0x00007fff2fc37000 	/System/Library/Frameworks/Metal.framework/Versions/A/Metal
0x00007fff3f985000 	/System/Library/PrivateFrameworks/DesktopServicesPriv.framework/Versions/A/DesktopServicesPriv
0x00007fff51ddd000 	/usr/lib/libenergytrace.dylib
0x00007fff4d1f3000 	/System/Library/PrivateFrameworks/SkyLight.framework/Versions/A/SkyLight
0x00007fff2b8eb000 	/System/Library/Frameworks/CoreGraphics.framework/Versions/A/CoreGraphics
0x00007fff51150000 	/usr/lib/libScreenReader.dylib
0x00007fff27731000 	/System/Library/Frameworks/Accelerate.framework/Versions/A/Accelerate
0x00007fff2dd42000 	/System/Library/Frameworks/IOSurface.framework/Versions/A/IOSurface
0x00007fff29e19000 	/System/Library/Frameworks/AudioToolbox.framework/Versions/A/AudioToolbox
0x00007fff2a0a9000 	/System/Library/Frameworks/AudioUnit.framework/Versions/A/AudioUnit
0x00007fff3f880000 	/System/Library/PrivateFrameworks/DataDetectorsCore.framework/Versions/A/DataDetectorsCore
0x00007fff2a781000 	/System/Library/Frameworks/Carbon.framework/Versions/A/Frameworks/HIToolbox.framework/Versions/A/HIToolbox
0x00007fff51f37000 	/usr/lib/libicucore.A.dylib
0x00007fff3684f000 	/System/Library/Frameworks/QuartzCore.framework/Versions/A/QuartzCore
0x00007fff4c495000 	/System/Library/PrivateFrameworks/SignpostNotification.framework/Versions/A/SignpostNotification
0x00007fff2ab67000 	/System/Library/Frameworks/Carbon.framework/Versions/A/Frameworks/SpeechRecognition.framework/Versions/A/SpeechRecognition
0x00007fff51333000 	/usr/lib/libauto.dylib
0x00007fff53192000 	/usr/lib/libxml2.2.dylib
0x00007fff3f438000 	/System/Library/PrivateFrameworks/CoreUI.framework/Versions/A/CoreUI
0x00007fff2aee2000 	/System/Library/Frameworks/CoreAudio.framework/Versions/A/CoreAudio
0x00007fff2d402000 	/System/Library/Frameworks/DiskArbitration.framework/Versions/A/DiskArbitration
0x00007fff521ab000 	/usr/lib/liblangid.dylib
0x00007fff46f11000 	/System/Library/PrivateFrameworks/MultitouchSupport.framework/Versions/A/MultitouchSupport
0x00007fff2dca5000 	/System/Library/Frameworks/IOKit.framework/Versions/A/IOKit
0x00007fff50ddf000 	/usr/lib/libDiagnosticMessagesClient.dylib
0x00007fff2c5df000 	/System/Library/Frameworks/CoreServices.framework/Versions/A/CoreServices
0x00007fff48a46000 	/System/Library/PrivateFrameworks/PerformanceAnalysis.framework/Versions/A/PerformanceAnalysis
0x00007fff359f1000 	/System/Library/Frameworks/OpenGL.framework/Versions/A/OpenGL
0x00007fff2ac9c000 	/System/Library/Frameworks/ColorSync.framework/Versions/A/ColorSync
0x00007fff2bf1b000 	/System/Library/Frameworks/CoreImage.framework/Versions/A/CoreImage
0x00007fff2cf70000 	/System/Library/Frameworks/CoreText.framework/Versions/A/CoreText
0x00007fff2dda0000 	/System/Library/Frameworks/ImageIO.framework/Versions/A/ImageIO
0x00007fff3c0e4000 	/System/Library/PrivateFrameworks/Backup.framework/Versions/A/Backup
0x00007fff51201000 	/usr/lib/libarchive.2.dylib
0x00007fff2a3cc000 	/System/Library/Frameworks/CFNetwork.framework/Versions/A/CFNetwork
0x00007fff37a65000 	/System/Library/Frameworks/SystemConfiguration.framework/Versions/A/SystemConfiguration
0x00007fff50d08000 	/usr/lib/libCRFSuite.dylib
0x00007fff5140c000 	/usr/lib/libc++.1.dylib
0x00007fff51463000 	/usr/lib/libc++abi.dylib
0x00007fff53351000 	/usr/lib/system/libcache.dylib
0x00007fff53356000 	/usr/lib/system/libcommonCrypto.dylib
0x00007fff53361000 	/usr/lib/system/libcompiler_rt.dylib
0x00007fff53369000 	/usr/lib/system/libcopyfile.dylib
0x00007fff53373000 	/usr/lib/system/libcorecrypto.dylib
0x00007fff53480000 	/usr/lib/system/libdispatch.dylib
0x00007fff534ba000 	/usr/lib/system/libdyld.dylib
0x00007fff534d8000 	/usr/lib/system/libkeymgr.dylib
0x00007fff534e6000 	/usr/lib/system/liblaunch.dylib
0x00007fff534e7000 	/usr/lib/system/libmacho.dylib
0x00007fff534ec000 	/usr/lib/system/libquarantine.dylib
0x00007fff534ef000 	/usr/lib/system/libremovefile.dylib
0x00007fff534f1000 	/usr/lib/system/libsystem_asl.dylib
0x00007fff53509000 	/usr/lib/system/libsystem_blocks.dylib
0x00007fff5350a000 	/usr/lib/system/libsystem_c.dylib
0x00007fff53594000 	/usr/lib/system/libsystem_configuration.dylib
0x00007fff53598000 	/usr/lib/system/libsystem_coreservices.dylib
0x00007fff5359c000 	/usr/lib/system/libsystem_darwin.dylib
0x00007fff5359e000 	/usr/lib/system/libsystem_dnssd.dylib
0x00007fff535a5000 	/usr/lib/system/libsystem_info.dylib
0x00007fff53616000 	/usr/lib/system/libsystem_m.dylib
0x00007fff53662000 	/usr/lib/system/libsystem_malloc.dylib
0x00007fff53682000 	/usr/lib/system/libsystem_network.dylib
0x00007fff537b3000 	/usr/lib/system/libsystem_networkextension.dylib
0x00007fff537be000 	/usr/lib/system/libsystem_notify.dylib
0x00007fff537dc000 	/usr/lib/system/libsystem_sandbox.dylib
0x00007fff537e0000 	/usr/lib/system/libsystem_secinit.dylib
0x00007fff535ef000 	/usr/lib/system/libsystem_kernel.dylib
0x00007fff537c8000 	/usr/lib/system/libsystem_platform.dylib
0x00007fff537d0000 	/usr/lib/system/libsystem_pthread.dylib
0x00007fff537e2000 	/usr/lib/system/libsystem_symptoms.dylib
0x00007fff537ea000 	/usr/lib/system/libsystem_trace.dylib
0x00007fff537ff000 	/usr/lib/system/libunwind.dylib
0x00007fff53805000 	/usr/lib/system/libxpc.dylib
0x00007fff50c1b000 	/usr/lib/closure/libclosured.dylib
0x00007fff513ed000 	/usr/lib/libbsm.0.dylib
0x00007fff534d9000 	/usr/lib/system/libkxld.dylib
0x00007fff51019000 	/usr/lib/libOpenScriptingUtil.dylib
0x00007fff5175c000 	/usr/lib/libcoretls.dylib
0x00007fff51775000 	/usr/lib/libcoretls_cfhelpers.dylib
0x00007fff52c94000 	/usr/lib/libpam.2.dylib
0x00007fff52dbb000 	/usr/lib/libsqlite3.dylib
0x00007fff53181000 	/usr/lib/libxar.1.dylib
0x00007fff513fe000 	/usr/lib/libbz2.1.0.dylib
0x00007fff521ad000 	/usr/lib/liblzma.5.dylib
0x00007fff5268e000 	/usr/lib/libnetwork.dylib
0x00007fff511ea000 	/usr/lib/libapple_nghttp2.dylib
0x00007fff52c9b000 	/usr/lib/libpcap.A.dylib
0x00007fff51334000 	/usr/lib/libboringssl.dylib
0x00007fff5311c000 	/usr/lib/libusrtcp.dylib
0x00007fff511e9000 	/usr/lib/libapple_crypto.dylib
0x00007fff2c962000 	/System/Library/Frameworks/CoreServices.framework/Versions/A/Frameworks/FSEvents.framework/Versions/A/FSEvents
0x00007fff2c655000 	/System/Library/Frameworks/CoreServices.framework/Versions/A/Frameworks/CarbonCore.framework/Versions/A/CarbonCore
0x00007fff2cb2a000 	/System/Library/Frameworks/CoreServices.framework/Versions/A/Frameworks/Metadata.framework/Versions/A/Metadata
0x00007fff2cbdb000 	/System/Library/Frameworks/CoreServices.framework/Versions/A/Frameworks/OSServices.framework/Versions/A/OSServices
0x00007fff2cc3c000 	/System/Library/Frameworks/CoreServices.framework/Versions/A/Frameworks/SearchKit.framework/Versions/A/SearchKit
0x00007fff2c5e0000 	/System/Library/Frameworks/CoreServices.framework/Versions/A/Frameworks/AE.framework/Versions/A/AE
0x00007fff2c96b000 	/System/Library/Frameworks/CoreServices.framework/Versions/A/Frameworks/LaunchServices.framework/Versions/A/LaunchServices
0x00007fff2c92d000 	/System/Library/Frameworks/CoreServices.framework/Versions/A/Frameworks/DictionaryServices.framework/Versions/A/DictionaryServices
0x00007fff2ccab000 	/System/Library/Frameworks/CoreServices.framework/Versions/A/Frameworks/SharedFileList.framework/Versions/A/SharedFileList
0x00007fff30e6d000 	/System/Library/Frameworks/NetFS.framework/Versions/A/NetFS
0x00007fff471a2000 	/System/Library/PrivateFrameworks/NetAuth.framework/Versions/A/NetAuth
0x00007fff50ab2000 	/System/Library/PrivateFrameworks/login.framework/Versions/A/Frameworks/loginsupport.framework/Versions/A/loginsupport
0x00007fff4ee04000 	/System/Library/PrivateFrameworks/TCC.framework/Versions/A/TCC
0x00007fff5228e000 	/usr/lib/libmecabra.dylib
0x00007fff298d0000 	/System/Library/Frameworks/ApplicationServices.framework/Versions/A/Frameworks/ATS.framework/Versions/A/ATS
0x00007fff29c7e000 	/System/Library/Frameworks/ApplicationServices.framework/Versions/A/Frameworks/ColorSyncLegacy.framework/Versions/A/ColorSyncLegacy
0x00007fff29d22000 	/System/Library/Frameworks/ApplicationServices.framework/Versions/A/Frameworks/HIServices.framework/Versions/A/HIServices
0x00007fff29d75000 	/System/Library/Frameworks/ApplicationServices.framework/Versions/A/Frameworks/LangAnalysis.framework/Versions/A/LangAnalysis
0x00007fff29d84000 	/System/Library/Frameworks/ApplicationServices.framework/Versions/A/Frameworks/PrintCore.framework/Versions/A/PrintCore
0x00007fff29dd1000 	/System/Library/Frameworks/ApplicationServices.framework/Versions/A/Frameworks/QD.framework/Versions/A/QD
0x00007fff29e0c000 	/System/Library/Frameworks/ApplicationServices.framework/Versions/A/Frameworks/SpeechSynthesis.framework/Versions/A/SpeechSynthesis
0x00007fff2b36b000 	/System/Library/Frameworks/CoreDisplay.framework/Versions/A/CoreDisplay
0x00007fff2774a000 	/System/Library/Frameworks/Accelerate.framework/Versions/A/Frameworks/vImage.framework/Versions/A/vImage
0x00007fff2872b000 	/System/Library/Frameworks/Accelerate.framework/Versions/A/Frameworks/vecLib.framework/Versions/A/vecLib
0x00007fff28500000 	/System/Library/Frameworks/Accelerate.framework/Versions/A/Frameworks/vecLib.framework/Versions/A/libvDSP.dylib
0x00007fff2803a000 	/System/Library/Frameworks/Accelerate.framework/Versions/A/Frameworks/vecLib.framework/Versions/A/libBNNS.dylib
0x00007fff28466000 	/System/Library/Frameworks/Accelerate.framework/Versions/A/Frameworks/vecLib.framework/Versions/A/libQuadrature.dylib
0x00007fff28674000 	/System/Library/Frameworks/Accelerate.framework/Versions/A/Frameworks/vecLib.framework/Versions/A/libvMisc.dylib
0x00007fff28075000 	/System/Library/Frameworks/Accelerate.framework/Versions/A/Frameworks/vecLib.framework/Versions/A/libLAPACK.dylib
0x00007fff27e99000 	/System/Library/Frameworks/Accelerate.framework/Versions/A/Frameworks/vecLib.framework/Versions/A/libBLAS.dylib
0x00007fff2844f000 	/System/Library/Frameworks/Accelerate.framework/Versions/A/Frameworks/vecLib.framework/Versions/A/libLinearAlgebra.dylib
0x00007fff2846c000 	/System/Library/Frameworks/Accelerate.framework/Versions/A/Frameworks/vecLib.framework/Versions/A/libSparse.dylib
0x00007fff284ed000 	/System/Library/Frameworks/Accelerate.framework/Versions/A/Frameworks/vecLib.framework/Versions/A/libSparseBLAS.dylib
0x00007fff43fbf000 	/System/Library/PrivateFrameworks/GPUWrangler.framework/Versions/A/GPUWrangler
0x00007fff45750000 	/System/Library/PrivateFrameworks/IOAccelerator.framework/Versions/A/IOAccelerator
0x00007fff4575b000 	/System/Library/PrivateFrameworks/IOPresentment.framework/Versions/A/IOPresentment
0x00007fff3f7fa000 	/System/Library/PrivateFrameworks/DSExternalDisplay.framework/Versions/A/DSExternalDisplay
0x00007fff34e70000 	/System/Library/Frameworks/OpenGL.framework/Versions/A/Libraries/libCoreFSCache.dylib
0x00007fff2d0c1000 	/System/Library/Frameworks/CoreVideo.framework/Versions/A/CoreVideo
0x00007fff44d3a000 	/System/Library/PrivateFrameworks/GraphVisualizer.framework/Versions/A/GraphVisualizer
0x00007fff2fe6e000 	/System/Library/Frameworks/MetalPerformanceShaders.framework/Versions/A/MetalPerformanceShaders
0x00007fff50e17000 	/usr/lib/libFosl_dynamic.dylib
0x00007fff408c9000 	/System/Library/PrivateFrameworks/FaceCore.framework/Versions/A/FaceCore
0x00007fff33c6b000 	/System/Library/Frameworks/OpenCL.framework/Versions/A/OpenCL
0x00007fff5149a000 	/usr/lib/libcompression.dylib
0x00007fff299cf000 	/System/Library/Frameworks/ApplicationServices.framework/Versions/A/Frameworks/ATS.framework/Versions/A/Resources/libFontParser.dylib
0x00007fff29af2000 	/System/Library/Frameworks/ApplicationServices.framework/Versions/A/Frameworks/ATS.framework/Versions/A/Resources/libFontRegistry.dylib
0x00007fff2e00b000 	/System/Library/Frameworks/ImageIO.framework/Versions/A/Resources/libJPEG.dylib
0x00007fff2e335000 	/System/Library/Frameworks/ImageIO.framework/Versions/A/Resources/libTIFF.dylib
0x00007fff2e30b000 	/System/Library/Frameworks/ImageIO.framework/Versions/A/Resources/libPng.dylib
0x00007fff2df1e000 	/System/Library/Frameworks/ImageIO.framework/Versions/A/Resources/libGIF.dylib
0x00007fff2df23000 	/System/Library/Frameworks/ImageIO.framework/Versions/A/Resources/libJP2.dylib
0x00007fff2e332000 	/System/Library/Frameworks/ImageIO.framework/Versions/A/Resources/libRadiance.dylib
0x00007fff3b80e000 	/System/Library/PrivateFrameworks/AppleJPEG.framework/Versions/A/AppleJPEG
0x00007fff2fcd5000 	/System/Library/Frameworks/MetalPerformanceShaders.framework/Frameworks/MPSCore.framework/Versions/A/MPSCore
0x00007fff2fcf1000 	/System/Library/Frameworks/MetalPerformanceShaders.framework/Frameworks/MPSImage.framework/Versions/A/MPSImage
0x00007fff2fd86000 	/System/Library/Frameworks/MetalPerformanceShaders.framework/Frameworks/MPSNeuralNetwork.framework/Versions/A/MPSNeuralNetwork
0x00007fff2fd61000 	/System/Library/Frameworks/MetalPerformanceShaders.framework/Frameworks/MPSMatrix.framework/Versions/A/MPSMatrix
0x00007fff46c51000 	/System/Library/PrivateFrameworks/MetalTools.framework/Versions/A/MetalTools
0x00007fff3503b000 	/System/Library/Frameworks/OpenGL.framework/Versions/A/Libraries/libGLU.dylib
0x00007fff34e7b000 	/System/Library/Frameworks/OpenGL.framework/Versions/A/Libraries/libGFXShared.dylib
0x00007fff34e85000 	/System/Library/Frameworks/OpenGL.framework/Versions/A/Libraries/libGL.dylib
0x00007fff34e91000 	/System/Library/Frameworks/OpenGL.framework/Versions/A/Libraries/libGLImage.dylib
0x00007fff34e6d000 	/System/Library/Frameworks/OpenGL.framework/Versions/A/Libraries/libCVMSPluginSupport.dylib
0x00007fff34e76000 	/System/Library/Frameworks/OpenGL.framework/Versions/A/Libraries/libCoreVMClient.dylib
0x00007fff51c47000 	/usr/lib/libcups.2.dylib
0x00007fff2f23c000 	/System/Library/Frameworks/Kerberos.framework/Versions/A/Kerberos
0x00007fff2d9ff000 	/System/Library/Frameworks/GSS.framework/Versions/A/GSS
0x00007fff52d4e000 	/usr/lib/libresolv.9.dylib
0x00007fff51e45000 	/usr/lib/libiconv.2.dylib
0x00007fff44dcc000 	/System/Library/PrivateFrameworks/Heimdal.framework/Versions/A/Heimdal
0x00007fff51e14000 	/usr/lib/libheimdal-asn1.dylib
0x00007fff33ce3000 	/System/Library/Frameworks/OpenDirectory.framework/Versions/A/OpenDirectory
0x00007fff3db25000 	/System/Library/PrivateFrameworks/CommonAuth.framework/Versions/A/CommonAuth
0x00007fff33cc6000 	/System/Library/Frameworks/OpenDirectory.framework/Versions/A/Frameworks/CFOpenDirectory.framework/Versions/A/CFOpenDirectory
0x00007fff375fe000 	/System/Library/Frameworks/SecurityFoundation.framework/Versions/A/SecurityFoundation
0x00007fff3a9d2000 	/System/Library/PrivateFrameworks/APFS.framework/Versions/A/APFS
0x00007fff5317d000 	/usr/lib/libutil.dylib
0x00007fff3b891000 	/System/Library/PrivateFrameworks/AppleSauce.framework/Versions/A/AppleSauce
0x00007fff45f38000 	/System/Library/PrivateFrameworks/LinguisticData.framework/Versions/A/LinguisticData
0x00007fff521c7000 	/usr/lib/libmarisa.dylib
0x00007fff45ef2000 	/System/Library/PrivateFrameworks/Lexicon.framework/Versions/A/Lexicon
0x00007fff50d42000 	/usr/lib/libChineseTokenizer.dylib
0x00007fff51489000 	/usr/lib/libcmph.dylib
0x00007fff45dfc000 	/System/Library/PrivateFrameworks/LanguageModeling.framework/Versions/A/LanguageModeling
0x00007fff3e642000 	/System/Library/PrivateFrameworks/CoreEmoji.framework/Versions/A/CoreEmoji
0x00007fff376bc000 	/System/Library/Frameworks/ServiceManagement.framework/Versions/A/ServiceManagement
0x00007fff3c0dc000 	/System/Library/PrivateFrameworks/BackgroundTaskManagement.framework/Versions/A/BackgroundTaskManagement
0x00007fff5327a000 	/usr/lib/libxslt.1.dylib
0x00007fff2aa91000 	/System/Library/Frameworks/Carbon.framework/Versions/A/Frameworks/Ink.framework/Versions/A/Ink
0x00007fff4f019000 	/System/Library/PrivateFrameworks/TextureIO.framework/Versions/A/TextureIO
0x00007fff5122c000 	/usr/lib/libate.dylib
0x00007fff3f759000 	/System/Library/PrivateFrameworks/CrashReporterSupport.framework/Versions/A/CrashReporterSupport
0x00007fff4c355000 	/System/Library/PrivateFrameworks/Sharing.framework/Versions/A/Sharing
0x00007fff45b3d000 	/System/Library/PrivateFrameworks/IconServices.framework/Versions/A/IconServices
0x00007fff3bd0c000 	/System/Library/PrivateFrameworks/AuthKit.framework/Versions/A/AuthKit
0x00007fff3b691000 	/System/Library/PrivateFrameworks/Apple80211.framework/Versions/A/Apple80211
0x00007fff3f56e000 	/System/Library/PrivateFrameworks/CoreUtils.framework/Versions/A/CoreUtils
0x00007fff2d0fc000 	/System/Library/Frameworks/CoreWLAN.framework/Versions/A/CoreWLAN
0x00007fff2db41000 	/System/Library/Frameworks/IOBluetooth.framework/Versions/A/IOBluetooth
0x00007fff4a815000 	/System/Library/PrivateFrameworks/ProtocolBuffer.framework/Versions/A/ProtocolBuffer
0x00007fff46e6c000 	/System/Library/PrivateFrameworks/MobileKeyBag.framework/Versions/A/MobileKeyBag
0x00007fff3ede6000 	/System/Library/PrivateFrameworks/CorePhoneNumbers.framework/Versions/A/CorePhoneNumbers
0x00007fff3b7c9000 	/System/Library/PrivateFrameworks/AppleIDAuthSupport.framework/Versions/A/AppleIDAuthSupport
0x00007fff45de8000 	/System/Library/PrivateFrameworks/KeychainCircle.framework/Versions/A/KeychainCircle
0x00007fff3f6f4000 	/System/Library/PrivateFrameworks/CoreWiFi.framework/Versions/A/CoreWiFi
0x00007fff2afdc000 	/System/Library/Frameworks/CoreBluetooth.framework/Versions/A/CoreBluetooth
0x00007fff3f944000 	/System/Library/PrivateFrameworks/DebugSymbols.framework/Versions/A/DebugSymbols
0x00007fff3f324000 	/System/Library/PrivateFrameworks/CoreSymbolication.framework/Versions/A/CoreSymbolication
0x00007fff4e80b000 	/System/Library/PrivateFrameworks/Symbolication.framework/Versions/A/Symbolication
0x00007fff3b6bb000 	/System/Library/PrivateFrameworks/AppleFSCompression.framework/Versions/A/AppleFSCompression
0x00007fff4dc58000 	/System/Library/PrivateFrameworks/SpeechRecognitionCore.framework/Versions/A/SpeechRecognitionCore
0x0000000108a16000 	/Applications/Android Studio.app/Contents/jre/jdk/Contents/Home/jre/lib/server/libjvm.dylib
0x00007fff5304a000 	/usr/lib/libstdc++.6.0.9.dylib
0x000000010988d000 	/Applications/Android Studio.app/Contents/jre/jdk/Contents/Home/jre/lib/libverify.dylib
0x000000010989a000 	/Applications/Android Studio.app/Contents/jre/jdk/Contents/Home/jre/lib/libjava.dylib
0x0000000109929000 	/Applications/Android Studio.app/Contents/jre/jdk/Contents/Home/jre/lib/libzip.dylib
0x000000010febd000 	/Applications/Android Studio.app/Contents/jre/jdk/Contents/Home/jre/lib/libnet.dylib
0x000000010feda000 	/Applications/Android Studio.app/Contents/jre/jdk/Contents/Home/jre/lib/libnio.dylib
0x000000010feef000 	/Users/macbookair/.gradle/native/25/osx-amd64/libnative-platform.dylib
0x000000011043b000 	/Applications/Android Studio.app/Contents/jre/jdk/Contents/Home/jre/lib/libmanagement.dylib
0x000000010fe2b000 	/Applications/Android Studio.app/Contents/jre/jdk/Contents/Home/jre/lib/libsunec.dylib

VM Arguments:
jvm_args: -Xmx1536m -Dfile.encoding=UTF-8 -Duser.country=EG -Duser.language=en -Duser.variant 
java_command: org.gradle.launcher.daemon.bootstrap.GradleDaemon 5.1.1
java_class_path (initial): /Users/macbookair/.gradle/wrapper/dists/gradle-5.1.1-all/97z1ksx6lirer3kbvdnh7jtjg/gradle-5.1.1/lib/gradle-launcher-5.1.1.jar
Launcher Type: SUN_STANDARD

Environment Variables:
PATH=/Library/Frameworks/Python.framework/Versions/3.8/bin:/Library/Frameworks/Python.framework/Versions/3.8/bin:/usr/local/bin:/usr/bin:/bin:/usr/sbin:/sbin:/Applications/Wireshark.app/Contents/MacOS:/Applications/DevDesktop/tools
SHELL=/bin/bash

Signal Handlers:
SIGSEGV: [libjvm.dylib+0x55bff5], sa_mask[0]=11111111011111110111111111111111, sa_flags=SA_ONSTACK|SA_RESTART|SA_SIGINFO
SIGBUS: [libjvm.dylib+0x55bff5], sa_mask[0]=11111111011111110111111111111111, sa_flags=SA_RESTART|SA_SIGINFO
SIGFPE: [libjvm.dylib+0x453a89], sa_mask[0]=11111111011111110111111111111111, sa_flags=SA_RESTART|SA_SIGINFO
SIGPIPE: [libjvm.dylib+0x453a89], sa_mask[0]=11111111011111110111111111111111, sa_flags=SA_RESTART|SA_SIGINFO
SIGXFSZ: [libjvm.dylib+0x453a89], sa_mask[0]=11111111011111110111111111111111, sa_flags=SA_RESTART|SA_SIGINFO
SIGILL: [libjvm.dylib+0x453a89], sa_mask[0]=11111111011111110111111111111111, sa_flags=SA_RESTART|SA_SIGINFO
SIGUSR1: SIG_DFL, sa_mask[0]=00000000000000000000000000000000, sa_flags=none
SIGUSR2: [libjvm.dylib+0x454390], sa_mask[0]=00100000000000000000000000000000, sa_flags=SA_RESTART|SA_SIGINFO
SIGHUP: [libjvm.dylib+0x4525a3], sa_mask[0]=11111111011111110111111111111111, sa_flags=SA_RESTART|SA_SIGINFO
SIGINT: [libjvm.dylib+0x4525a3], sa_mask[0]=11111111011111110111111111111111, sa_flags=SA_RESTART|SA_SIGINFO
SIGTERM: [libjvm.dylib+0x4525a3], sa_mask[0]=11111111011111110111111111111111, sa_flags=SA_RESTART|SA_SIGINFO
SIGQUIT: [libjvm.dylib+0x4525a3], sa_mask[0]=11111111011111110111111111111111, sa_flags=SA_RESTART|SA_SIGINFO


---------------  S Y S T E M  ---------------

OS:Bsduname:Darwin 17.7.0 Darwin Kernel Version 17.7.0: Wed Apr 24 21:17:24 PDT 2019; root:xnu-4570.71.45~1/RELEASE_X86_64 x86_64
rlimit: STACK 8192k, CORE 0k, NPROC 709, NOFILE 10240, AS infinity
load average:3.46 3.32 2.99

CPU:total 4 (initial active 4) (2 cores per cpu, 2 threads per core) family 6 model 42 stepping 7, cmov, cx8, fxsr, mmx, sse, sse2, sse3, ssse3, sse4.1, sse4.2, popcnt, avx, aes, clmul, ht, tsc, tscinvbit

Memory: 4k page, physical 4194304k(20552k free)

/proc/meminfo:


vm_info: OpenJDK 64-Bit Server VM (25.202-b49-5587405) for bsd-amd64 JRE (1.8.0_202-release-1483-b49-5587405), built by "android-build" with gcc 4.2.1 Compatible Android (5058415 based on r339409) Clang 8.0.2 (https://android.googlesource.com/toolchain/clang 40173bab62ec746213857d083c0e8b0abb568790) (https://android.googlesource.com/toolchain/llvm 7a6618d69e7e8111e1d49dc9e7813767c5ca756a)

time: Thu Mar  5 15:04:52 2020
timezone: EET
elapsed time: 9563 seconds (0d 2h 39m 23s)

